<?xml version="1.0" encoding="UTF-8"?>
<coverage generated="1763138190973" clover="3.2.0">
  <project timestamp="1763138190974" name="All files">
    <metrics statements="63" coveredstatements="63" conditionals="22" coveredconditionals="22" methods="23" coveredmethods="23" elements="108" coveredelements="108" complexity="0" loc="63" ncloc="63" packages="2" files="5" classes="5"/>
    <package name="constants">
      <metrics statements="13" coveredstatements="13" conditionals="7" coveredconditionals="7" methods="1" coveredmethods="1"/>
      <file name="crimeTypes.js" path="C:\Projet\BalanceTonPote\constants\crimeTypes.js">
        <metrics statements="10" coveredstatements="10" conditionals="7" coveredconditionals="7" methods="1" coveredmethods="1"/>
        <line num="4" count="1" type="stmt"/>
        <line num="19" count="1" type="stmt"/>
        <line num="20" count="13" type="cond" truecount="7" falsecount="0"/>
        <line num="22" count="3" type="stmt"/>
        <line num="31" count="2" type="stmt"/>
        <line num="38" count="2" type="stmt"/>
        <line num="45" count="2" type="stmt"/>
        <line num="51" count="1" type="stmt"/>
        <line num="57" count="1" type="stmt"/>
        <line num="63" count="2" type="stmt"/>
      </file>
      <file name="theme.js" path="C:\Projet\BalanceTonPote\constants\theme.js">
        <metrics statements="3" coveredstatements="3" conditionals="0" coveredconditionals="0" methods="0" coveredmethods="0"/>
        <line num="4" count="1" type="stmt"/>
        <line num="27" count="1" type="stmt"/>
        <line num="37" count="1" type="stmt"/>
      </file>
    </package>
    <package name="utils">
      <metrics statements="50" coveredstatements="50" conditionals="15" coveredconditionals="15" methods="22" coveredmethods="22"/>
      <file name="dateUtils.js" path="C:\Projet\BalanceTonPote\utils\dateUtils.js">
        <metrics statements="3" coveredstatements="3" conditionals="0" coveredconditionals="0" methods="1" coveredmethods="1"/>
        <line num="10" count="1" type="stmt"/>
        <line num="11" count="4" type="stmt"/>
        <line num="12" count="4" type="stmt"/>
      </file>
      <file name="statsUtils.js" path="C:\Projet\BalanceTonPote\utils\statsUtils.js">
        <metrics statements="44" coveredstatements="44" conditionals="10" coveredconditionals="10" methods="20" coveredmethods="20"/>
        <line num="10" count="1" type="stmt"/>
        <line num="11" count="3" type="stmt"/>
        <line num="12" count="3" type="stmt"/>
        <line num="13" count="5" type="stmt"/>
        <line num="14" count="5" type="cond" truecount="2" falsecount="0"/>
        <line num="16" count="3" type="stmt"/>
        <line num="24" count="1" type="stmt"/>
        <line num="25" count="4" type="stmt"/>
        <line num="26" count="4" type="stmt"/>
        <line num="27" count="15" type="stmt"/>
        <line num="28" count="15" type="cond" truecount="2" falsecount="0"/>
        <line num="31" count="4" type="stmt"/>
        <line num="32" count="9" type="stmt"/>
        <line num="34" count="9" type="stmt"/>
        <line num="42" count="1" type="stmt"/>
        <line num="43" count="3" type="stmt"/>
        <line num="44" count="3" type="stmt"/>
        <line num="45" count="8" type="stmt"/>
        <line num="46" count="8" type="cond" truecount="2" falsecount="0"/>
        <line num="49" count="3" type="stmt"/>
        <line num="50" count="4" type="stmt"/>
        <line num="52" count="6" type="stmt"/>
        <line num="60" count="1" type="stmt"/>
        <line num="61" count="5" type="stmt"/>
        <line num="62" count="5" type="stmt"/>
        <line num="63" count="16" type="stmt"/>
        <line num="64" count="16" type="cond" truecount="2" falsecount="0"/>
        <line num="65" count="12" type="stmt"/>
        <line num="67" count="16" type="stmt"/>
        <line num="70" count="5" type="stmt"/>
        <line num="71" count="8" type="stmt"/>
        <line num="72" count="12" type="stmt"/>
        <line num="75" count="4" type="stmt"/>
        <line num="84" count="1" type="stmt"/>
        <line num="85" count="3" type="stmt"/>
        <line num="86" count="3" type="stmt"/>
        <line num="87" count="8" type="stmt"/>
        <line num="88" count="8" type="cond" truecount="2" falsecount="0"/>
        <line num="89" count="6" type="stmt"/>
        <line num="91" count="8" type="stmt"/>
        <line num="94" count="3" type="stmt"/>
        <line num="95" count="4" type="stmt"/>
        <line num="96" count="6" type="stmt"/>
        <line num="99" count="2" type="stmt"/>
      </file>
      <file name="userUtils.js" path="C:\Projet\BalanceTonPote\utils\userUtils.js">
        <metrics statements="3" coveredstatements="3" conditionals="5" coveredconditionals="5" methods="1" coveredmethods="1"/>
        <line num="10" count="1" type="stmt"/>
        <line num="11" count="7" type="cond" truecount="2" falsecount="0"/>
        <line num="12" count="5" type="cond" truecount="3" falsecount="0"/>
      </file>
    </package>
  </project>
</coverage>
