{"C:\\Projet\\BalanceTonPote\\constants\\crimeTypes.js": {"path":"C:\\Projet\\BalanceTonPote\\constants\\crimeTypes.js","statementMap":{"0":{"start":{"line":4,"column":29},"end":{"line":12,"column":1}},"1":{"start":{"line":19,"column":28},"end":{"line":65,"column":1}},"2":{"start":{"line":20,"column":2},"end":{"line":64,"column":3}},"3":{"start":{"line":22,"column":6},"end":{"line":29,"column":8}},"4":{"start":{"line":31,"column":6},"end":{"line":36,"column":8}},"5":{"start":{"line":38,"column":6},"end":{"line":43,"column":8}},"6":{"start":{"line":45,"column":6},"end":{"line":49,"column":8}},"7":{"start":{"line":51,"column":6},"end":{"line":55,"column":8}},"8":{"start":{"line":57,"column":6},"end":{"line":61,"column":8}},"9":{"start":{"line":63,"column":6},"end":{"line":63,"column":72}}},"fnMap":{"0":{"name":"(anonymous_0)","decl":{"start":{"line":19,"column":28},"end":{"line":19,"column":29}},"loc":{"start":{"line":19,"column":44},"end":{"line":65,"column":1}},"line":19}},"branchMap":{"0":{"loc":{"start":{"line":20,"column":2},"end":{"line":64,"column":3}},"type":"switch","locations":[{"start":{"line":21,"column":4},"end":{"line":29,"column":8}},{"start":{"line":30,"column":4},"end":{"line":36,"column":8}},{"start":{"line":37,"column":4},"end":{"line":43,"column":8}},{"start":{"line":44,"column":4},"end":{"line":49,"column":8}},{"start":{"line":50,"column":4},"end":{"line":55,"column":8}},{"start":{"line":56,"column":4},"end":{"line":61,"column":8}},{"start":{"line":62,"column":4},"end":{"line":63,"column":72}}],"line":20}},"s":{"0":1,"1":1,"2":13,"3":3,"4":2,"5":2,"6":2,"7":1,"8":1,"9":2},"f":{"0":13},"b":{"0":[3,2,2,2,1,1,2]},"_coverageSchema":"1a1c01bbd47fc00a2c39e90264f33305004495a9","hash":"8560ad3441e92d988237db2959e3c61e08033b9d"}
,"C:\\Projet\\BalanceTonPote\\constants\\theme.js": {"path":"C:\\Projet\\BalanceTonPote\\constants\\theme.js","statementMap":{"0":{"start":{"line":4,"column":22},"end":{"line":22,"column":1}},"1":{"start":{"line":27,"column":20},"end":{"line":32,"column":1}},"2":{"start":{"line":37,"column":29},"end":{"line":41,"column":1}}},"fnMap":{},"branchMap":{},"s":{"0":1,"1":1,"2":1},"f":{},"b":{},"_coverageSchema":"1a1c01bbd47fc00a2c39e90264f33305004495a9","hash":"39911a16b254a86021bf485a35ab1301bdbcf021"}
,"C:\\Projet\\BalanceTonPote\\utils\\dateUtils.js": {"path":"C:\\Projet\\BalanceTonPote\\utils\\dateUtils.js","statementMap":{"0":{"start":{"line":10,"column":26},"end":{"line":13,"column":1}},"1":{"start":{"line":11,"column":15},"end":{"line":11,"column":35}},"2":{"start":{"line":12,"column":2},"end":{"line":12,"column":125}}},"fnMap":{"0":{"name":"(anonymous_0)","decl":{"start":{"line":10,"column":26},"end":{"line":10,"column":27}},"loc":{"start":{"line":10,"column":42},"end":{"line":13,"column":1}},"line":10}},"branchMap":{},"s":{"0":1,"1":4,"2":4},"f":{"0":4},"b":{},"_coverageSchema":"1a1c01bbd47fc00a2c39e90264f33305004495a9","hash":"23287b05d132cfd4bb4554192bfdd65d5883b4f5"}
,"C:\\Projet\\BalanceTonPote\\utils\\statsUtils.js": {"path":"C:\\Projet\\BalanceTonPote\\utils\\statsUtils.js","statementMap":{"0":{"start":{"line":10,"column":31},"end":{"line":17,"column":1}},"1":{"start":{"line":11,"column":16},"end":{"line":11,"column":18}},"2":{"start":{"line":12,"column":2},"end":{"line":15,"column":5}},"3":{"start":{"line":13,"column":17},"end":{"line":13,"column":38}},"4":{"start":{"line":14,"column":4},"end":{"line":14,"column":41}},"5":{"start":{"line":16,"column":2},"end":{"line":16,"column":15}},"6":{"start":{"line":24,"column":35},"end":{"line":35,"column":1}},"7":{"start":{"line":25,"column":16},"end":{"line":25,"column":18}},"8":{"start":{"line":26,"column":2},"end":{"line":29,"column":5}},"9":{"start":{"line":27,"column":21},"end":{"line":27,"column":39}},"10":{"start":{"line":28,"column":4},"end":{"line":28,"column":49}},"11":{"start":{"line":31,"column":2},"end":{"line":34,"column":45}},"12":{"start":{"line":32,"column":26},"end":{"line":32,"column":31}},"13":{"start":{"line":34,"column":28},"end":{"line":34,"column":42}},"14":{"start":{"line":42,"column":36},"end":{"line":53,"column":1}},"15":{"start":{"line":43,"column":16},"end":{"line":43,"column":18}},"16":{"start":{"line":44,"column":2},"end":{"line":47,"column":5}},"17":{"start":{"line":45,"column":22},"end":{"line":45,"column":45}},"18":{"start":{"line":46,"column":4},"end":{"line":46,"column":51}},"19":{"start":{"line":49,"column":2},"end":{"line":52,"column":45}},"20":{"start":{"line":50,"column":26},"end":{"line":50,"column":31}},"21":{"start":{"line":52,"column":28},"end":{"line":52,"column":42}},"22":{"start":{"line":60,"column":39},"end":{"line":77,"column":1}},"23":{"start":{"line":61,"column":17},"end":{"line":61,"column":19}},"24":{"start":{"line":62,"column":2},"end":{"line":68,"column":5}},"25":{"start":{"line":63,"column":20},"end":{"line":63,"column":38}},"26":{"start":{"line":64,"column":4},"end":{"line":66,"column":5}},"27":{"start":{"line":65,"column":6},"end":{"line":65,"column":27}},"28":{"start":{"line":67,"column":4},"end":{"line":67,"column":36}},"29":{"start":{"line":70,"column":2},"end":{"line":76,"column":8}},"30":{"start":{"line":71,"column":26},"end":{"line":71,"column":45}},"31":{"start":{"line":72,"column":31},"end":{"line":76,"column":5}},"32":{"start":{"line":75,"column":40},"end":{"line":75,"column":93}},"33":{"start":{"line":84,"column":41},"end":{"line":101,"column":1}},"34":{"start":{"line":85,"column":17},"end":{"line":85,"column":19}},"35":{"start":{"line":86,"column":2},"end":{"line":92,"column":5}},"36":{"start":{"line":87,"column":22},"end":{"line":87,"column":45}},"37":{"start":{"line":88,"column":4},"end":{"line":90,"column":5}},"38":{"start":{"line":89,"column":6},"end":{"line":89,"column":29}},"39":{"start":{"line":91,"column":4},"end":{"line":91,"column":38}},"40":{"start":{"line":94,"column":2},"end":{"line":100,"column":8}},"41":{"start":{"line":95,"column":26},"end":{"line":95,"column":45}},"42":{"start":{"line":96,"column":31},"end":{"line":100,"column":5}},"43":{"start":{"line":99,"column":40},"end":{"line":99,"column":93}}},"fnMap":{"0":{"name":"(anonymous_0)","decl":{"start":{"line":10,"column":31},"end":{"line":10,"column":32}},"loc":{"start":{"line":10,"column":47},"end":{"line":17,"column":1}},"line":10},"1":{"name":"(anonymous_1)","decl":{"start":{"line":12,"column":21},"end":{"line":12,"column":22}},"loc":{"start":{"line":12,"column":34},"end":{"line":15,"column":3}},"line":12},"2":{"name":"(anonymous_2)","decl":{"start":{"line":24,"column":35},"end":{"line":24,"column":36}},"loc":{"start":{"line":24,"column":51},"end":{"line":35,"column":1}},"line":24},"3":{"name":"(anonymous_3)","decl":{"start":{"line":26,"column":21},"end":{"line":26,"column":22}},"loc":{"start":{"line":26,"column":34},"end":{"line":29,"column":3}},"line":26},"4":{"name":"(anonymous_4)","decl":{"start":{"line":32,"column":10},"end":{"line":32,"column":11}},"loc":{"start":{"line":32,"column":26},"end":{"line":32,"column":31}},"line":32},"5":{"name":"(anonymous_5)","decl":{"start":{"line":34,"column":9},"end":{"line":34,"column":10}},"loc":{"start":{"line":34,"column":28},"end":{"line":34,"column":42}},"line":34},"6":{"name":"(anonymous_6)","decl":{"start":{"line":42,"column":36},"end":{"line":42,"column":37}},"loc":{"start":{"line":42,"column":52},"end":{"line":53,"column":1}},"line":42},"7":{"name":"(anonymous_7)","decl":{"start":{"line":44,"column":21},"end":{"line":44,"column":22}},"loc":{"start":{"line":44,"column":34},"end":{"line":47,"column":3}},"line":44},"8":{"name":"(anonymous_8)","decl":{"start":{"line":50,"column":10},"end":{"line":50,"column":11}},"loc":{"start":{"line":50,"column":26},"end":{"line":50,"column":31}},"line":50},"9":{"name":"(anonymous_9)","decl":{"start":{"line":52,"column":9},"end":{"line":52,"column":10}},"loc":{"start":{"line":52,"column":28},"end":{"line":52,"column":42}},"line":52},"10":{"name":"(anonymous_10)","decl":{"start":{"line":60,"column":39},"end":{"line":60,"column":40}},"loc":{"start":{"line":60,"column":55},"end":{"line":77,"column":1}},"line":60},"11":{"name":"(anonymous_11)","decl":{"start":{"line":62,"column":21},"end":{"line":62,"column":22}},"loc":{"start":{"line":62,"column":34},"end":{"line":68,"column":3}},"line":62},"12":{"name":"(anonymous_12)","decl":{"start":{"line":71,"column":10},"end":{"line":71,"column":11}},"loc":{"start":{"line":71,"column":26},"end":{"line":71,"column":45}},"line":71},"13":{"name":"(anonymous_13)","decl":{"start":{"line":72,"column":9},"end":{"line":72,"column":10}},"loc":{"start":{"line":72,"column":31},"end":{"line":76,"column":5}},"line":72},"14":{"name":"(anonymous_14)","decl":{"start":{"line":75,"column":30},"end":{"line":75,"column":31}},"loc":{"start":{"line":75,"column":40},"end":{"line":75,"column":93}},"line":75},"15":{"name":"(anonymous_15)","decl":{"start":{"line":84,"column":41},"end":{"line":84,"column":42}},"loc":{"start":{"line":84,"column":57},"end":{"line":101,"column":1}},"line":84},"16":{"name":"(anonymous_16)","decl":{"start":{"line":86,"column":21},"end":{"line":86,"column":22}},"loc":{"start":{"line":86,"column":34},"end":{"line":92,"column":3}},"line":86},"17":{"name":"(anonymous_17)","decl":{"start":{"line":95,"column":10},"end":{"line":95,"column":11}},"loc":{"start":{"line":95,"column":26},"end":{"line":95,"column":45}},"line":95},"18":{"name":"(anonymous_18)","decl":{"start":{"line":96,"column":9},"end":{"line":96,"column":10}},"loc":{"start":{"line":96,"column":31},"end":{"line":100,"column":5}},"line":96},"19":{"name":"(anonymous_19)","decl":{"start":{"line":99,"column":30},"end":{"line":99,"column":31}},"loc":{"start":{"line":99,"column":40},"end":{"line":99,"column":93}},"line":99}},"branchMap":{"0":{"loc":{"start":{"line":14,"column":19},"end":{"line":14,"column":35}},"type":"binary-expr","locations":[{"start":{"line":14,"column":19},"end":{"line":14,"column":30}},{"start":{"line":14,"column":34},"end":{"line":14,"column":35}}],"line":14},"1":{"loc":{"start":{"line":28,"column":23},"end":{"line":28,"column":43}},"type":"binary-expr","locations":[{"start":{"line":28,"column":23},"end":{"line":28,"column":38}},{"start":{"line":28,"column":42},"end":{"line":28,"column":43}}],"line":28},"2":{"loc":{"start":{"line":46,"column":24},"end":{"line":46,"column":45}},"type":"binary-expr","locations":[{"start":{"line":46,"column":24},"end":{"line":46,"column":40}},{"start":{"line":46,"column":44},"end":{"line":46,"column":45}}],"line":46},"3":{"loc":{"start":{"line":64,"column":4},"end":{"line":66,"column":5}},"type":"if","locations":[{"start":{"line":64,"column":4},"end":{"line":66,"column":5}},{"start":{},"end":{}}],"line":64},"4":{"loc":{"start":{"line":88,"column":4},"end":{"line":90,"column":5}},"type":"if","locations":[{"start":{"line":88,"column":4},"end":{"line":90,"column":5}},{"start":{},"end":{}}],"line":88}},"s":{"0":1,"1":3,"2":3,"3":5,"4":5,"5":3,"6":1,"7":4,"8":4,"9":15,"10":15,"11":4,"12":9,"13":9,"14":1,"15":3,"16":3,"17":8,"18":8,"19":3,"20":4,"21":6,"22":1,"23":5,"24":5,"25":16,"26":16,"27":12,"28":16,"29":5,"30":8,"31":12,"32":4,"33":1,"34":3,"35":3,"36":8,"37":8,"38":6,"39":8,"40":3,"41":4,"42":6,"43":2},"f":{"0":3,"1":5,"2":4,"3":15,"4":9,"5":9,"6":3,"7":8,"8":4,"9":6,"10":5,"11":16,"12":8,"13":12,"14":4,"15":3,"16":8,"17":4,"18":6,"19":2},"b":{"0":[5,4],"1":[15,12],"2":[8,6],"3":[12,4],"4":[6,2]},"_coverageSchema":"1a1c01bbd47fc00a2c39e90264f33305004495a9","hash":"f82d789f7d9d3fd6ed9956101c7f22270b12bbec"}
,"C:\\Projet\\BalanceTonPote\\utils\\userUtils.js": {"path":"C:\\Projet\\BalanceTonPote\\utils\\userUtils.js","statementMap":{"0":{"start":{"line":10,"column":34},"end":{"line":13,"column":1}},"1":{"start":{"line":11,"column":2},"end":{"line":11,"column":23}},"2":{"start":{"line":11,"column":13},"end":{"line":11,"column":23}},"3":{"start":{"line":12,"column":2},"end":{"line":12,"column":68}}},"fnMap":{"0":{"name":"(anonymous_0)","decl":{"start":{"line":10,"column":34},"end":{"line":10,"column":35}},"loc":{"start":{"line":10,"column":44},"end":{"line":13,"column":1}},"line":10}},"branchMap":{"0":{"loc":{"start":{"line":11,"column":2},"end":{"line":11,"column":23}},"type":"if","locations":[{"start":{"line":11,"column":2},"end":{"line":11,"column":23}},{"start":{},"end":{}}],"line":11},"1":{"loc":{"start":{"line":12,"column":9},"end":{"line":12,"column":67}},"type":"binary-expr","locations":[{"start":{"line":12,"column":9},"end":{"line":12,"column":32}},{"start":{"line":12,"column":36},"end":{"line":12,"column":61}},{"start":{"line":12,"column":65},"end":{"line":12,"column":67}}],"line":12}},"s":{"0":1,"1":7,"2":2,"3":5},"f":{"0":7},"b":{"0":[2,5],"1":[5,3,1]},"_coverageSchema":"1a1c01bbd47fc00a2c39e90264f33305004495a9","hash":"dc87727e9de31bdba5f12743034ed6b71c2262ba"}
}
