TN:
SF:constants\crimeTypes.js
FN:19,(anonymous_0)
FNF:1
FNH:1
FNDA:13,(anonymous_0)
DA:4,1
DA:19,1
DA:20,13
DA:22,3
DA:31,2
DA:38,2
DA:45,2
DA:51,1
DA:57,1
DA:63,2
LF:10
LH:10
BRDA:20,0,0,3
BRDA:20,0,1,2
BRDA:20,0,2,2
BRDA:20,0,3,2
BRDA:20,0,4,1
BRDA:20,0,5,1
BRDA:20,0,6,2
BRF:7
BRH:7
end_of_record
TN:
SF:constants\theme.js
FNF:0
FNH:0
DA:4,1
DA:27,1
DA:37,1
LF:3
LH:3
BRF:0
BRH:0
end_of_record
TN:
SF:utils\dateUtils.js
FN:10,(anonymous_0)
FNF:1
FNH:1
FNDA:4,(anonymous_0)
DA:10,1
DA:11,4
DA:12,4
LF:3
LH:3
BRF:0
BRH:0
end_of_record
TN:
SF:utils\statsUtils.js
FN:10,(anonymous_0)
FN:12,(anonymous_1)
FN:24,(anonymous_2)
FN:26,(anonymous_3)
FN:32,(anonymous_4)
FN:34,(anonymous_5)
FN:42,(anonymous_6)
FN:44,(anonymous_7)
FN:50,(anonymous_8)
FN:52,(anonymous_9)
FN:60,(anonymous_10)
FN:62,(anonymous_11)
FN:71,(anonymous_12)
FN:72,(anonymous_13)
FN:75,(anonymous_14)
FN:84,(anonymous_15)
FN:86,(anonymous_16)
FN:95,(anonymous_17)
FN:96,(anonymous_18)
FN:99,(anonymous_19)
FNF:20
FNH:20
FNDA:3,(anonymous_0)
FNDA:5,(anonymous_1)
FNDA:4,(anonymous_2)
FNDA:15,(anonymous_3)
FNDA:9,(anonymous_4)
FNDA:9,(anonymous_5)
FNDA:3,(anonymous_6)
FNDA:8,(anonymous_7)
FNDA:4,(anonymous_8)
FNDA:6,(anonymous_9)
FNDA:5,(anonymous_10)
FNDA:16,(anonymous_11)
FNDA:8,(anonymous_12)
FNDA:12,(anonymous_13)
FNDA:4,(anonymous_14)
FNDA:3,(anonymous_15)
FNDA:8,(anonymous_16)
FNDA:4,(anonymous_17)
FNDA:6,(anonymous_18)
FNDA:2,(anonymous_19)
DA:10,1
DA:11,3
DA:12,3
DA:13,5
DA:14,5
DA:16,3
DA:24,1
DA:25,4
DA:26,4
DA:27,15
DA:28,15
DA:31,4
DA:32,9
DA:34,9
DA:42,1
DA:43,3
DA:44,3
DA:45,8
DA:46,8
DA:49,3
DA:50,4
DA:52,6
DA:60,1
DA:61,5
DA:62,5
DA:63,16
DA:64,16
DA:65,12
DA:67,16
DA:70,5
DA:71,8
DA:72,12
DA:75,4
DA:84,1
DA:85,3
DA:86,3
DA:87,8
DA:88,8
DA:89,6
DA:91,8
DA:94,3
DA:95,4
DA:96,6
DA:99,2
LF:44
LH:44
BRDA:14,0,0,5
BRDA:14,0,1,4
BRDA:28,1,0,15
BRDA:28,1,1,12
BRDA:46,2,0,8
BRDA:46,2,1,6
BRDA:64,3,0,12
BRDA:64,3,1,4
BRDA:88,4,0,6
BRDA:88,4,1,2
BRF:10
BRH:10
end_of_record
TN:
SF:utils\userUtils.js
FN:10,(anonymous_0)
FNF:1
FNH:1
FNDA:7,(anonymous_0)
DA:10,1
DA:11,7
DA:12,5
LF:3
LH:3
BRDA:11,0,0,2
BRDA:11,0,1,5
BRDA:12,1,0,5
BRDA:12,1,1,3
BRDA:12,1,2,1
BRF:5
BRH:5
end_of_record
